BlueSTSDK/build/intermediates/manifest_merge_blame_file/debug/manifest-merger-blame-debug-report.txt
1<?xml version="1.0" encoding="utf-8"?>
2<manifest xmlns:android="http://schemas.android.com/apk/res/android"
3    package="com.st.BlueSTSDK" >
4
5    <uses-sdk
6        android:minSdkVersion="18"
6-->src/main/AndroidManifest.xml
7        android:targetSdkVersion="32" />
7-->src/main/AndroidManifest.xml
8
9    <!-- install only in device with ble -->
10    <uses-feature
10-->src/main/AndroidManifest.xml:4:5-89
11        android:name="android.hardware.bluetooth_le"
11-->src/main/AndroidManifest.xml:4:19-63
12        android:required="true" />
12-->src/main/AndroidManifest.xml:4:64-87
13
14    <!-- use the bluetooth -->
15    <uses-permission android:name="android.permission.BLUETOOTH" />
15-->src/main/AndroidManifest.xml:7:5-67
15-->src/main/AndroidManifest.xml:7:22-65
16    <!-- search for new devices -->
17    <uses-permission android:name="android.permission.BLUETOOTH_ADMIN" />
17-->src/main/AndroidManifest.xml:9:5-73
17-->src/main/AndroidManifest.xml:9:22-71
18    <!-- need for search for new devices for api >23 ! -->
19    <uses-permission-sdk-23 android:name="android.permission.ACCESS_COARSE_LOCATION" />
19-->src/main/AndroidManifest.xml:11:5-87
19-->src/main/AndroidManifest.xml:11:29-85
20
21    <!-- store log files -->
22    <uses-permission android:name="android.permission.WRITE_EXTERNAL_STORAGE" />
22-->src/main/AndroidManifest.xml:14:5-81
22-->src/main/AndroidManifest.xml:14:22-78
23    <!-- read log files -->
24    <uses-permission android:name="android.permission.READ_EXTERNAL_STORAGE" />
24-->src/main/AndroidManifest.xml:16:5-79
24-->src/main/AndroidManifest.xml:16:22-77
25
26    <application>
26-->src/main/AndroidManifest.xml:18:5-28:19
27        <provider
27-->src/main/AndroidManifest.xml:19:9-27:20
28            android:name="androidx.core.content.FileProvider"
28-->src/main/AndroidManifest.xml:20:13-62
29            android:authorities="${applicationId}.logFileProvider"
29-->src/main/AndroidManifest.xml:21:13-67
30            android:exported="false"
30-->src/main/AndroidManifest.xml:22:13-37
31            android:grantUriPermissions="true" >
31-->src/main/AndroidManifest.xml:23:13-47
32            <meta-data
32-->src/main/AndroidManifest.xml:24:13-26:57
33                android:name="android.support.FILE_PROVIDER_PATHS"
33-->src/main/AndroidManifest.xml:25:17-67
34                android:resource="@xml/log_file_path" />
34-->src/main/AndroidManifest.xml:26:17-54
35        </provider>
36    </application>
37
38</manifest>